number,value,datetime_start,datetime_complete,duration,params_batch_size,params_colnorm_thresh,params_dist1,params_iseed,params_l2_penalty_choice,params_l2_penalty_nz,params_lr,params_lr_anneal_start,params_nhid1,params_pca_energy,params_preproc,params_scale_heur1,params_scale_mult1,params_squash,system_attrs_grid_id,system_attrs_search_space,state
32,0.5006128549575806,2025-08-19 23:57:15.255979,2025-08-20 00:00:42.035053,0 days 00:03:26.779074,20,,uniform,6,zero,,0.001,5000,128,,raw,old,2.0,tanh,32,"{'batch_size': [20, 100], 'colnorm_thresh': [1e-09, 1e-06, 0.001], 'dist1': ['uniform', 'normal'], 'iseed': [5, 6, 7, 8], 'l2_penalty_choice': ['zero', 'nz'], 'l2_penalty_nz': [1e-06, 0.0001, 0.01], 'lr': [0.001, 0.003, 0.01, 0.03], 'lr_anneal_start': [100, 1000, 5000], 'nhid1': [64, 128, 256, 512], 'pca_energy': [0.7, 0.85, 0.95, 0.99], 'preproc': ['raw', 'colnorm', 'pca'], 'scale_heur1': ['old', 'Glorot'], 'scale_mult1': [0.5, 1.0, 1.5, 2.0], 'squash': ['tanh', 'logistic']}",COMPLETE
33,0.3666128913561503,2025-08-20 00:00:42.035575,2025-08-20 00:04:21.646817,0 days 00:03:39.611242,20,,uniform,7,nz,1e-06,0.003,1000,256,,raw,Glorot,,logistic,33,"{'batch_size': [20, 100], 'colnorm_thresh': [1e-09, 1e-06, 0.001], 'dist1': ['uniform', 'normal'], 'iseed': [5, 6, 7, 8], 'l2_penalty_choice': ['zero', 'nz'], 'l2_penalty_nz': [1e-06, 0.0001, 0.01], 'lr': [0.001, 0.003, 0.01, 0.03], 'lr_anneal_start': [100, 1000, 5000], 'nhid1': [64, 128, 256, 512], 'pca_energy': [0.7, 0.85, 0.95, 0.99], 'preproc': ['raw', 'colnorm', 'pca'], 'scale_heur1': ['old', 'Glorot'], 'scale_mult1': [0.5, 1.0, 1.5, 2.0], 'squash': ['tanh', 'logistic']}",COMPLETE
34,0.5954675873120626,2025-08-20 00:04:21.647305,2025-08-20 00:05:06.492538,0 days 00:00:44.845233,100,,normal,6,nz,0.0001,0.01,5000,64,,raw,Glorot,,tanh,34,"{'batch_size': [20, 100], 'colnorm_thresh': [1e-09, 1e-06, 0.001], 'dist1': ['uniform', 'normal'], 'iseed': [5, 6, 7, 8], 'l2_penalty_choice': ['zero', 'nz'], 'l2_penalty_nz': [1e-06, 0.0001, 0.01], 'lr': [0.001, 0.003, 0.01, 0.03], 'lr_anneal_start': [100, 1000, 5000], 'nhid1': [64, 128, 256, 512], 'pca_energy': [0.7, 0.85, 0.95, 0.99], 'preproc': ['raw', 'colnorm', 'pca'], 'scale_heur1': ['old', 'Glorot'], 'scale_mult1': [0.5, 1.0, 1.5, 2.0], 'squash': ['tanh', 'logistic']}",COMPLETE
35,0.5742418964703878,2025-08-20 00:05:06.493034,2025-08-20 00:09:50.052656,0 days 00:04:43.559622,20,,uniform,8,nz,1e-06,0.001,5000,512,0.7,pca,Glorot,,tanh,35,"{'batch_size': [20, 100], 'colnorm_thresh': [1e-09, 1e-06, 0.001], 'dist1': ['uniform', 'normal'], 'iseed': [5, 6, 7, 8], 'l2_penalty_choice': ['zero', 'nz'], 'l2_penalty_nz': [1e-06, 0.0001, 0.01], 'lr': [0.001, 0.003, 0.01, 0.03], 'lr_anneal_start': [100, 1000, 5000], 'nhid1': [64, 128, 256, 512], 'pca_energy': [0.7, 0.85, 0.95, 0.99], 'preproc': ['raw', 'colnorm', 'pca'], 'scale_heur1': ['old', 'Glorot'], 'scale_mult1': [0.5, 1.0, 1.5, 2.0], 'squash': ['tanh', 'logistic']}",COMPLETE
36,0.7268870870272318,2025-08-20 00:09:50.053149,2025-08-20 00:14:39.753307,0 days 00:04:49.700158,20,,normal,6,nz,0.0001,0.03,1000,128,0.7,pca,old,1.5,tanh,36,"{'batch_size': [20, 100], 'colnorm_thresh': [1e-09, 1e-06, 0.001], 'dist1': ['uniform', 'normal'], 'iseed': [5, 6, 7, 8], 'l2_penalty_choice': ['zero', 'nz'], 'l2_penalty_nz': [1e-06, 0.0001, 0.01], 'lr': [0.001, 0.003, 0.01, 0.03], 'lr_anneal_start': [100, 1000, 5000], 'nhid1': [64, 128, 256, 512], 'pca_energy': [0.7, 0.85, 0.95, 0.99], 'preproc': ['raw', 'colnorm', 'pca'], 'scale_heur1': ['old', 'Glorot'], 'scale_mult1': [0.5, 1.0, 1.5, 2.0], 'squash': ['tanh', 'logistic']}",COMPLETE
37,0.37867724895477295,2025-08-20 00:14:39.758757,2025-08-20 00:18:20.649982,0 days 00:03:40.891225,20,0.001,normal,7,nz,1e-06,0.01,100,512,,colnorm,old,0.5,logistic,37,"{'batch_size': [20, 100], 'colnorm_thresh': [1e-09, 1e-06, 0.001], 'dist1': ['uniform', 'normal'], 'iseed': [5, 6, 7, 8], 'l2_penalty_choice': ['zero', 'nz'], 'l2_penalty_nz': [1e-06, 0.0001, 0.01], 'lr': [0.001, 0.003, 0.01, 0.03], 'lr_anneal_start': [100, 1000, 5000], 'nhid1': [64, 128, 256, 512], 'pca_energy': [0.7, 0.85, 0.95, 0.99], 'preproc': ['raw', 'colnorm', 'pca'], 'scale_heur1': ['old', 'Glorot'], 'scale_mult1': [0.5, 1.0, 1.5, 2.0], 'squash': ['tanh', 'logistic']}",COMPLETE
38,0.5303548574447632,2025-08-20 00:18:20.650520,2025-08-20 00:21:43.608063,0 days 00:03:22.957543,20,,normal,7,zero,,0.03,1000,128,,raw,Glorot,,logistic,38,"{'batch_size': [20, 100], 'colnorm_thresh': [1e-09, 1e-06, 0.001], 'dist1': ['uniform', 'normal'], 'iseed': [5, 6, 7, 8], 'l2_penalty_choice': ['zero', 'nz'], 'l2_penalty_nz': [1e-06, 0.0001, 0.01], 'lr': [0.001, 0.003, 0.01, 0.03], 'lr_anneal_start': [100, 1000, 5000], 'nhid1': [64, 128, 256, 512], 'pca_energy': [0.7, 0.85, 0.95, 0.99], 'preproc': ['raw', 'colnorm', 'pca'], 'scale_heur1': ['old', 'Glorot'], 'scale_mult1': [0.5, 1.0, 1.5, 2.0], 'squash': ['tanh', 'logistic']}",COMPLETE
39,0.3965644836425781,2025-08-20 00:21:43.608539,2025-08-20 00:25:11.873757,0 days 00:03:28.265218,20,0.001,uniform,6,zero,,0.003,1000,128,,colnorm,old,0.5,logistic,39,"{'batch_size': [20, 100], 'colnorm_thresh': [1e-09, 1e-06, 0.001], 'dist1': ['uniform', 'normal'], 'iseed': [5, 6, 7, 8], 'l2_penalty_choice': ['zero', 'nz'], 'l2_penalty_nz': [1e-06, 0.0001, 0.01], 'lr': [0.001, 0.003, 0.01, 0.03], 'lr_anneal_start': [100, 1000, 5000], 'nhid1': [64, 128, 256, 512], 'pca_energy': [0.7, 0.85, 0.95, 0.99], 'preproc': ['raw', 'colnorm', 'pca'], 'scale_heur1': ['old', 'Glorot'], 'scale_mult1': [0.5, 1.0, 1.5, 2.0], 'squash': ['tanh', 'logistic']}",COMPLETE
40,0.5804032286008199,2025-08-20 00:25:11.879601,2025-08-20 00:28:37.641528,0 days 00:03:25.761927,20,0.001,uniform,5,zero,,0.03,1000,512,,colnorm,Glorot,,logistic,40,"{'batch_size': [20, 100], 'colnorm_thresh': [1e-09, 1e-06, 0.001], 'dist1': ['uniform', 'normal'], 'iseed': [5, 6, 7, 8], 'l2_penalty_choice': ['zero', 'nz'], 'l2_penalty_nz': [1e-06, 0.0001, 0.01], 'lr': [0.001, 0.003, 0.01, 0.03], 'lr_anneal_start': [100, 1000, 5000], 'nhid1': [64, 128, 256, 512], 'pca_energy': [0.7, 0.85, 0.95, 0.99], 'preproc': ['raw', 'colnorm', 'pca'], 'scale_heur1': ['old', 'Glorot'], 'scale_mult1': [0.5, 1.0, 1.5, 2.0], 'squash': ['tanh', 'logistic']}",COMPLETE
41,0.5878064235051473,2025-08-20 00:28:37.646241,2025-08-20 00:29:23.380063,0 days 00:00:45.733822,100,0.001,normal,8,nz,1e-06,0.01,1000,256,,colnorm,Glorot,,tanh,41,"{'batch_size': [20, 100], 'colnorm_thresh': [1e-09, 1e-06, 0.001], 'dist1': ['uniform', 'normal'], 'iseed': [5, 6, 7, 8], 'l2_penalty_choice': ['zero', 'nz'], 'l2_penalty_nz': [1e-06, 0.0001, 0.01], 'lr': [0.001, 0.003, 0.01, 0.03], 'lr_anneal_start': [100, 1000, 5000], 'nhid1': [64, 128, 256, 512], 'pca_energy': [0.7, 0.85, 0.95, 0.99], 'preproc': ['raw', 'colnorm', 'pca'], 'scale_heur1': ['old', 'Glorot'], 'scale_mult1': [0.5, 1.0, 1.5, 2.0], 'squash': ['tanh', 'logistic']}",COMPLETE
42,0.5046451489130656,2025-08-20 00:29:23.380327,2025-08-20 00:31:08.750901,0 days 00:01:45.370574,100,,normal,7,zero,,0.03,100,256,0.7,pca,old,0.5,logistic,42,"{'batch_size': [20, 100], 'colnorm_thresh': [1e-09, 1e-06, 0.001], 'dist1': ['uniform', 'normal'], 'iseed': [5, 6, 7, 8], 'l2_penalty_choice': ['zero', 'nz'], 'l2_penalty_nz': [1e-06, 0.0001, 0.01], 'lr': [0.001, 0.003, 0.01, 0.03], 'lr_anneal_start': [100, 1000, 5000], 'nhid1': [64, 128, 256, 512], 'pca_energy': [0.7, 0.85, 0.95, 0.99], 'preproc': ['raw', 'colnorm', 'pca'], 'scale_heur1': ['old', 'Glorot'], 'scale_mult1': [0.5, 1.0, 1.5, 2.0], 'squash': ['tanh', 'logistic']}",COMPLETE
43,0.29158057769139606,2025-08-20 00:31:08.755519,2025-08-20 00:34:50.159566,0 days 00:03:41.404047,20,,uniform,6,nz,1e-06,0.03,100,64,,raw,old,2.0,logistic,43,"{'batch_size': [20, 100], 'colnorm_thresh': [1e-09, 1e-06, 0.001], 'dist1': ['uniform', 'normal'], 'iseed': [5, 6, 7, 8], 'l2_penalty_choice': ['zero', 'nz'], 'l2_penalty_nz': [1e-06, 0.0001, 0.01], 'lr': [0.001, 0.003, 0.01, 0.03], 'lr_anneal_start': [100, 1000, 5000], 'nhid1': [64, 128, 256, 512], 'pca_energy': [0.7, 0.85, 0.95, 0.99], 'preproc': ['raw', 'colnorm', 'pca'], 'scale_heur1': ['old', 'Glorot'], 'scale_mult1': [0.5, 1.0, 1.5, 2.0], 'squash': ['tanh', 'logistic']}",COMPLETE
44,0.34180623292922974,2025-08-20 00:34:50.165838,2025-08-20 00:38:17.229855,0 days 00:03:27.064017,20,1e-09,normal,8,zero,,0.003,100,512,,colnorm,Glorot,,logistic,44,"{'batch_size': [20, 100], 'colnorm_thresh': [1e-09, 1e-06, 0.001], 'dist1': ['uniform', 'normal'], 'iseed': [5, 6, 7, 8], 'l2_penalty_choice': ['zero', 'nz'], 'l2_penalty_nz': [1e-06, 0.0001, 0.01], 'lr': [0.001, 0.003, 0.01, 0.03], 'lr_anneal_start': [100, 1000, 5000], 'nhid1': [64, 128, 256, 512], 'pca_energy': [0.7, 0.85, 0.95, 0.99], 'preproc': ['raw', 'colnorm', 'pca'], 'scale_heur1': ['old', 'Glorot'], 'scale_mult1': [0.5, 1.0, 1.5, 2.0], 'squash': ['tanh', 'logistic']}",COMPLETE
45,0.7446935772895813,2025-08-20 00:38:17.230450,2025-08-20 00:42:51.863556,0 days 00:04:34.633106,20,,normal,8,zero,,0.01,5000,64,0.85,pca,Glorot,,tanh,45,"{'batch_size': [20, 100], 'colnorm_thresh': [1e-09, 1e-06, 0.001], 'dist1': ['uniform', 'normal'], 'iseed': [5, 6, 7, 8], 'l2_penalty_choice': ['zero', 'nz'], 'l2_penalty_nz': [1e-06, 0.0001, 0.01], 'lr': [0.001, 0.003, 0.01, 0.03], 'lr_anneal_start': [100, 1000, 5000], 'nhid1': [64, 128, 256, 512], 'pca_energy': [0.7, 0.85, 0.95, 0.99], 'preproc': ['raw', 'colnorm', 'pca'], 'scale_heur1': ['old', 'Glorot'], 'scale_mult1': [0.5, 1.0, 1.5, 2.0], 'squash': ['tanh', 'logistic']}",COMPLETE
46,0.8010482986768087,2025-08-20 00:42:51.871199,2025-08-20 00:46:17.450597,0 days 00:03:25.579398,20,1e-06,normal,8,zero,,0.03,1000,128,,colnorm,old,1.0,tanh,46,"{'batch_size': [20, 100], 'colnorm_thresh': [1e-09, 1e-06, 0.001], 'dist1': ['uniform', 'normal'], 'iseed': [5, 6, 7, 8], 'l2_penalty_choice': ['zero', 'nz'], 'l2_penalty_nz': [1e-06, 0.0001, 0.01], 'lr': [0.001, 0.003, 0.01, 0.03], 'lr_anneal_start': [100, 1000, 5000], 'nhid1': [64, 128, 256, 512], 'pca_energy': [0.7, 0.85, 0.95, 0.99], 'preproc': ['raw', 'colnorm', 'pca'], 'scale_heur1': ['old', 'Glorot'], 'scale_mult1': [0.5, 1.0, 1.5, 2.0], 'squash': ['tanh', 'logistic']}",COMPLETE
47,0.4913869897524516,2025-08-20 00:46:17.451087,2025-08-20 00:50:59.474305,0 days 00:04:42.023218,20,,normal,5,zero,,0.03,100,256,0.99,pca,old,0.5,logistic,47,"{'batch_size': [20, 100], 'colnorm_thresh': [1e-09, 1e-06, 0.001], 'dist1': ['uniform', 'normal'], 'iseed': [5, 6, 7, 8], 'l2_penalty_choice': ['zero', 'nz'], 'l2_penalty_nz': [1e-06, 0.0001, 0.01], 'lr': [0.001, 0.003, 0.01, 0.03], 'lr_anneal_start': [100, 1000, 5000], 'nhid1': [64, 128, 256, 512], 'pca_energy': [0.7, 0.85, 0.95, 0.99], 'preproc': ['raw', 'colnorm', 'pca'], 'scale_heur1': ['old', 'Glorot'], 'scale_mult1': [0.5, 1.0, 1.5, 2.0], 'squash': ['tanh', 'logistic']}",COMPLETE
48,0.7985161344210306,2025-08-20 00:50:59.477641,2025-08-20 00:51:40.515792,0 days 00:00:41.038151,100,,uniform,7,zero,,0.03,5000,64,,raw,old,2.0,tanh,48,"{'batch_size': [20, 100], 'colnorm_thresh': [1e-09, 1e-06, 0.001], 'dist1': ['uniform', 'normal'], 'iseed': [5, 6, 7, 8], 'l2_penalty_choice': ['zero', 'nz'], 'l2_penalty_nz': [1e-06, 0.0001, 0.01], 'lr': [0.001, 0.003, 0.01, 0.03], 'lr_anneal_start': [100, 1000, 5000], 'nhid1': [64, 128, 256, 512], 'pca_energy': [0.7, 0.85, 0.95, 0.99], 'preproc': ['raw', 'colnorm', 'pca'], 'scale_heur1': ['old', 'Glorot'], 'scale_mult1': [0.5, 1.0, 1.5, 2.0], 'squash': ['tanh', 'logistic']}",COMPLETE
49,0.6042741934458414,2025-08-20 00:51:40.516106,2025-08-20 00:56:13.284983,0 days 00:04:32.768877,20,,uniform,8,zero,,0.03,1000,256,0.85,pca,Glorot,,logistic,49,"{'batch_size': [20, 100], 'colnorm_thresh': [1e-09, 1e-06, 0.001], 'dist1': ['uniform', 'normal'], 'iseed': [5, 6, 7, 8], 'l2_penalty_choice': ['zero', 'nz'], 'l2_penalty_nz': [1e-06, 0.0001, 0.01], 'lr': [0.001, 0.003, 0.01, 0.03], 'lr_anneal_start': [100, 1000, 5000], 'nhid1': [64, 128, 256, 512], 'pca_energy': [0.7, 0.85, 0.95, 0.99], 'preproc': ['raw', 'colnorm', 'pca'], 'scale_heur1': ['old', 'Glorot'], 'scale_mult1': [0.5, 1.0, 1.5, 2.0], 'squash': ['tanh', 'logistic']}",COMPLETE
50,0.7454677224159241,2025-08-20 00:56:13.285517,2025-08-20 00:59:39.452965,0 days 00:03:26.167448,20,1e-06,normal,7,zero,,0.01,5000,64,,colnorm,Glorot,,tanh,50,"{'batch_size': [20, 100], 'colnorm_thresh': [1e-09, 1e-06, 0.001], 'dist1': ['uniform', 'normal'], 'iseed': [5, 6, 7, 8], 'l2_penalty_choice': ['zero', 'nz'], 'l2_penalty_nz': [1e-06, 0.0001, 0.01], 'lr': [0.001, 0.003, 0.01, 0.03], 'lr_anneal_start': [100, 1000, 5000], 'nhid1': [64, 128, 256, 512], 'pca_energy': [0.7, 0.85, 0.95, 0.99], 'preproc': ['raw', 'colnorm', 'pca'], 'scale_heur1': ['old', 'Glorot'], 'scale_mult1': [0.5, 1.0, 1.5, 2.0], 'squash': ['tanh', 'logistic']}",COMPLETE
51,0.39195147156715393,2025-08-20 00:59:39.453459,2025-08-20 01:00:22.740794,0 days 00:00:43.287335,100,0.001,uniform,7,zero,,0.003,100,256,,colnorm,Glorot,,tanh,51,"{'batch_size': [20, 100], 'colnorm_thresh': [1e-09, 1e-06, 0.001], 'dist1': ['uniform', 'normal'], 'iseed': [5, 6, 7, 8], 'l2_penalty_choice': ['zero', 'nz'], 'l2_penalty_nz': [1e-06, 0.0001, 0.01], 'lr': [0.001, 0.003, 0.01, 0.03], 'lr_anneal_start': [100, 1000, 5000], 'nhid1': [64, 128, 256, 512], 'pca_energy': [0.7, 0.85, 0.95, 0.99], 'preproc': ['raw', 'colnorm', 'pca'], 'scale_heur1': ['old', 'Glorot'], 'scale_mult1': [0.5, 1.0, 1.5, 2.0], 'squash': ['tanh', 'logistic']}",COMPLETE
52,0.5336290200551351,2025-08-20 01:00:22.741289,2025-08-20 01:04:03.745549,0 days 00:03:41.004260,20,1e-09,uniform,7,nz,0.01,0.01,1000,512,,colnorm,old,1.0,logistic,52,"{'batch_size': [20, 100], 'colnorm_thresh': [1e-09, 1e-06, 0.001], 'dist1': ['uniform', 'normal'], 'iseed': [5, 6, 7, 8], 'l2_penalty_choice': ['zero', 'nz'], 'l2_penalty_nz': [1e-06, 0.0001, 0.01], 'lr': [0.001, 0.003, 0.01, 0.03], 'lr_anneal_start': [100, 1000, 5000], 'nhid1': [64, 128, 256, 512], 'pca_energy': [0.7, 0.85, 0.95, 0.99], 'preproc': ['raw', 'colnorm', 'pca'], 'scale_heur1': ['old', 'Glorot'], 'scale_mult1': [0.5, 1.0, 1.5, 2.0], 'squash': ['tanh', 'logistic']}",COMPLETE
53,0.48298383752504986,2025-08-20 01:04:03.745803,2025-08-20 01:07:39.566817,0 days 00:03:35.821014,20,,normal,5,nz,0.01,0.01,5000,64,,raw,old,1.0,logistic,53,"{'batch_size': [20, 100], 'colnorm_thresh': [1e-09, 1e-06, 0.001], 'dist1': ['uniform', 'normal'], 'iseed': [5, 6, 7, 8], 'l2_penalty_choice': ['zero', 'nz'], 'l2_penalty_nz': [1e-06, 0.0001, 0.01], 'lr': [0.001, 0.003, 0.01, 0.03], 'lr_anneal_start': [100, 1000, 5000], 'nhid1': [64, 128, 256, 512], 'pca_energy': [0.7, 0.85, 0.95, 0.99], 'preproc': ['raw', 'colnorm', 'pca'], 'scale_heur1': ['old', 'Glorot'], 'scale_mult1': [0.5, 1.0, 1.5, 2.0], 'squash': ['tanh', 'logistic']}",COMPLETE
54,0.43180641531944275,2025-08-20 01:07:39.567301,2025-08-20 01:08:21.222406,0 days 00:00:41.655105,100,,normal,6,zero,,0.001,1000,512,,raw,old,0.5,tanh,54,"{'batch_size': [20, 100], 'colnorm_thresh': [1e-09, 1e-06, 0.001], 'dist1': ['uniform', 'normal'], 'iseed': [5, 6, 7, 8], 'l2_penalty_choice': ['zero', 'nz'], 'l2_penalty_nz': [1e-06, 0.0001, 0.01], 'lr': [0.001, 0.003, 0.01, 0.03], 'lr_anneal_start': [100, 1000, 5000], 'nhid1': [64, 128, 256, 512], 'pca_energy': [0.7, 0.85, 0.95, 0.99], 'preproc': ['raw', 'colnorm', 'pca'], 'scale_heur1': ['old', 'Glorot'], 'scale_mult1': [0.5, 1.0, 1.5, 2.0], 'squash': ['tanh', 'logistic']}",COMPLETE
55,0.5168870886166891,2025-08-20 01:08:21.222656,2025-08-20 01:09:05.354232,0 days 00:00:44.131576,100,,normal,7,nz,0.0001,0.03,1000,128,,raw,Glorot,,logistic,55,"{'batch_size': [20, 100], 'colnorm_thresh': [1e-09, 1e-06, 0.001], 'dist1': ['uniform', 'normal'], 'iseed': [5, 6, 7, 8], 'l2_penalty_choice': ['zero', 'nz'], 'l2_penalty_nz': [1e-06, 0.0001, 0.01], 'lr': [0.001, 0.003, 0.01, 0.03], 'lr_anneal_start': [100, 1000, 5000], 'nhid1': [64, 128, 256, 512], 'pca_energy': [0.7, 0.85, 0.95, 0.99], 'preproc': ['raw', 'colnorm', 'pca'], 'scale_heur1': ['old', 'Glorot'], 'scale_mult1': [0.5, 1.0, 1.5, 2.0], 'squash': ['tanh', 'logistic']}",COMPLETE
56,0.5390967925389608,2025-08-20 01:09:05.354719,2025-08-20 01:09:47.993508,0 days 00:00:42.638789,100,1e-06,normal,6,zero,,0.001,5000,512,,colnorm,old,1.5,tanh,56,"{'batch_size': [20, 100], 'colnorm_thresh': [1e-09, 1e-06, 0.001], 'dist1': ['uniform', 'normal'], 'iseed': [5, 6, 7, 8], 'l2_penalty_choice': ['zero', 'nz'], 'l2_penalty_nz': [1e-06, 0.0001, 0.01], 'lr': [0.001, 0.003, 0.01, 0.03], 'lr_anneal_start': [100, 1000, 5000], 'nhid1': [64, 128, 256, 512], 'pca_energy': [0.7, 0.85, 0.95, 0.99], 'preproc': ['raw', 'colnorm', 'pca'], 'scale_heur1': ['old', 'Glorot'], 'scale_mult1': [0.5, 1.0, 1.5, 2.0], 'squash': ['tanh', 'logistic']}",COMPLETE
57,0.13111272702614465,2025-08-20 01:09:47.994029,2025-08-20 01:10:33.637666,0 days 00:00:45.643637,100,1e-06,normal,5,nz,1e-06,0.001,100,128,,colnorm,Glorot,,logistic,57,"{'batch_size': [20, 100], 'colnorm_thresh': [1e-09, 1e-06, 0.001], 'dist1': ['uniform', 'normal'], 'iseed': [5, 6, 7, 8], 'l2_penalty_choice': ['zero', 'nz'], 'l2_penalty_nz': [1e-06, 0.0001, 0.01], 'lr': [0.001, 0.003, 0.01, 0.03], 'lr_anneal_start': [100, 1000, 5000], 'nhid1': [64, 128, 256, 512], 'pca_energy': [0.7, 0.85, 0.95, 0.99], 'preproc': ['raw', 'colnorm', 'pca'], 'scale_heur1': ['old', 'Glorot'], 'scale_mult1': [0.5, 1.0, 1.5, 2.0], 'squash': ['tanh', 'logistic']}",COMPLETE
58,0.4743225773175557,2025-08-20 01:10:33.637924,2025-08-20 01:14:15.905207,0 days 00:03:42.267283,20,1e-06,uniform,5,nz,0.0001,0.001,5000,128,,colnorm,old,1.5,logistic,58,"{'batch_size': [20, 100], 'colnorm_thresh': [1e-09, 1e-06, 0.001], 'dist1': ['uniform', 'normal'], 'iseed': [5, 6, 7, 8], 'l2_penalty_choice': ['zero', 'nz'], 'l2_penalty_nz': [1e-06, 0.0001, 0.01], 'lr': [0.001, 0.003, 0.01, 0.03], 'lr_anneal_start': [100, 1000, 5000], 'nhid1': [64, 128, 256, 512], 'pca_energy': [0.7, 0.85, 0.95, 0.99], 'preproc': ['raw', 'colnorm', 'pca'], 'scale_heur1': ['old', 'Glorot'], 'scale_mult1': [0.5, 1.0, 1.5, 2.0], 'squash': ['tanh', 'logistic']}",COMPLETE
59,0.5860161582628886,2025-08-20 01:14:15.905741,2025-08-20 01:18:54.515729,0 days 00:04:38.609988,20,,normal,7,nz,0.0001,0.003,5000,64,0.95,pca,old,1.5,tanh,59,"{'batch_size': [20, 100], 'colnorm_thresh': [1e-09, 1e-06, 0.001], 'dist1': ['uniform', 'normal'], 'iseed': [5, 6, 7, 8], 'l2_penalty_choice': ['zero', 'nz'], 'l2_penalty_nz': [1e-06, 0.0001, 0.01], 'lr': [0.001, 0.003, 0.01, 0.03], 'lr_anneal_start': [100, 1000, 5000], 'nhid1': [64, 128, 256, 512], 'pca_energy': [0.7, 0.85, 0.95, 0.99], 'preproc': ['raw', 'colnorm', 'pca'], 'scale_heur1': ['old', 'Glorot'], 'scale_mult1': [0.5, 1.0, 1.5, 2.0], 'squash': ['tanh', 'logistic']}",COMPLETE
60,0.5242580970128378,2025-08-20 01:18:54.516236,2025-08-20 01:19:40.643717,0 days 00:00:46.127481,100,1e-06,uniform,5,nz,0.0001,0.003,1000,256,,colnorm,old,1.5,tanh,60,"{'batch_size': [20, 100], 'colnorm_thresh': [1e-09, 1e-06, 0.001], 'dist1': ['uniform', 'normal'], 'iseed': [5, 6, 7, 8], 'l2_penalty_choice': ['zero', 'nz'], 'l2_penalty_nz': [1e-06, 0.0001, 0.01], 'lr': [0.001, 0.003, 0.01, 0.03], 'lr_anneal_start': [100, 1000, 5000], 'nhid1': [64, 128, 256, 512], 'pca_energy': [0.7, 0.85, 0.95, 0.99], 'preproc': ['raw', 'colnorm', 'pca'], 'scale_heur1': ['old', 'Glorot'], 'scale_mult1': [0.5, 1.0, 1.5, 2.0], 'squash': ['tanh', 'logistic']}",COMPLETE
61,0.4059836169083913,2025-08-20 01:19:40.643988,2025-08-20 01:23:04.876133,0 days 00:03:24.232145,20,,uniform,5,zero,,0.03,100,256,,raw,Glorot,,logistic,61,"{'batch_size': [20, 100], 'colnorm_thresh': [1e-09, 1e-06, 0.001], 'dist1': ['uniform', 'normal'], 'iseed': [5, 6, 7, 8], 'l2_penalty_choice': ['zero', 'nz'], 'l2_penalty_nz': [1e-06, 0.0001, 0.01], 'lr': [0.001, 0.003, 0.01, 0.03], 'lr_anneal_start': [100, 1000, 5000], 'nhid1': [64, 128, 256, 512], 'pca_energy': [0.7, 0.85, 0.95, 0.99], 'preproc': ['raw', 'colnorm', 'pca'], 'scale_heur1': ['old', 'Glorot'], 'scale_mult1': [0.5, 1.0, 1.5, 2.0], 'squash': ['tanh', 'logistic']}",COMPLETE
62,0.8250322143236796,2025-08-20 01:23:04.876653,2025-08-20 01:23:49.538904,0 days 00:00:44.662251,100,,normal,7,nz,1e-06,0.03,5000,128,,raw,Glorot,,tanh,62,"{'batch_size': [20, 100], 'colnorm_thresh': [1e-09, 1e-06, 0.001], 'dist1': ['uniform', 'normal'], 'iseed': [5, 6, 7, 8], 'l2_penalty_choice': ['zero', 'nz'], 'l2_penalty_nz': [1e-06, 0.0001, 0.01], 'lr': [0.001, 0.003, 0.01, 0.03], 'lr_anneal_start': [100, 1000, 5000], 'nhid1': [64, 128, 256, 512], 'pca_energy': [0.7, 0.85, 0.95, 0.99], 'preproc': ['raw', 'colnorm', 'pca'], 'scale_heur1': ['old', 'Glorot'], 'scale_mult1': [0.5, 1.0, 1.5, 2.0], 'squash': ['tanh', 'logistic']}",COMPLETE
63,0.12098391602436702,2025-08-20 01:23:49.539417,2025-08-20 01:27:16.766470,0 days 00:03:27.227053,20,,uniform,5,zero,,0.001,1000,64,,raw,old,1.5,logistic,63,"{'batch_size': [20, 100], 'colnorm_thresh': [1e-09, 1e-06, 0.001], 'dist1': ['uniform', 'normal'], 'iseed': [5, 6, 7, 8], 'l2_penalty_choice': ['zero', 'nz'], 'l2_penalty_nz': [1e-06, 0.0001, 0.01], 'lr': [0.001, 0.003, 0.01, 0.03], 'lr_anneal_start': [100, 1000, 5000], 'nhid1': [64, 128, 256, 512], 'pca_energy': [0.7, 0.85, 0.95, 0.99], 'preproc': ['raw', 'colnorm', 'pca'], 'scale_heur1': ['old', 'Glorot'], 'scale_mult1': [0.5, 1.0, 1.5, 2.0], 'squash': ['tanh', 'logistic']}",COMPLETE
64,0.565854807694753,2025-08-20 01:27:16.772059,2025-08-20 01:28:03.497163,0 days 00:00:46.725104,100,1e-06,uniform,6,nz,1e-06,0.01,5000,256,,colnorm,old,2.0,logistic,64,"{'batch_size': [20, 100], 'colnorm_thresh': [1e-09, 1e-06, 0.001], 'dist1': ['uniform', 'normal'], 'iseed': [5, 6, 7, 8], 'l2_penalty_choice': ['zero', 'nz'], 'l2_penalty_nz': [1e-06, 0.0001, 0.01], 'lr': [0.001, 0.003, 0.01, 0.03], 'lr_anneal_start': [100, 1000, 5000], 'nhid1': [64, 128, 256, 512], 'pca_energy': [0.7, 0.85, 0.95, 0.99], 'preproc': ['raw', 'colnorm', 'pca'], 'scale_heur1': ['old', 'Glorot'], 'scale_mult1': [0.5, 1.0, 1.5, 2.0], 'squash': ['tanh', 'logistic']}",COMPLETE
