number,value,datetime_start,datetime_complete,duration,params_batch_size,params_colnorm_thresh,params_dist1,params_iseed,params_l2_penalty_choice,params_l2_penalty_nz,params_lr,params_lr_anneal_start,params_nhid1,params_pca_energy,params_preproc,params_scale_heur1,params_scale_mult1,params_squash,system_attrs_grid_id,system_attrs_search_space,state
0,0.7659516334533691,2025-08-19 22:48:39.911649,2025-08-19 22:49:27.656381,0 days 00:00:47.744732,100,,uniform,6,nz,0.0001,0.01,5000,64,,raw,Glorot,,logistic,0,"{'batch_size': [20, 100], 'colnorm_thresh': [1e-09, 1e-06, 0.001], 'dist1': ['uniform', 'normal'], 'iseed': [5, 6, 7, 8], 'l2_penalty_choice': ['zero', 'nz'], 'l2_penalty_nz': [1e-06, 0.0001, 0.01], 'lr': [0.001, 0.003, 0.01, 0.03], 'lr_anneal_start': [100, 1000, 5000], 'nhid1': [64, 128, 256, 512], 'pca_energy': [0.7, 0.85, 0.95, 0.99], 'preproc': ['raw', 'colnorm', 'pca'], 'scale_heur1': ['old', 'Glorot'], 'scale_mult1': [0.5, 1.0, 1.5, 2.0], 'squash': ['tanh', 'logistic']}",COMPLETE
1,0.7153064211209615,2025-08-19 22:49:27.657262,2025-08-19 22:50:11.533032,0 days 00:00:43.875770,100,,normal,7,zero,,0.003,5000,64,0.99,pca,old,2.0,logistic,1,"{'batch_size': [20, 100], 'colnorm_thresh': [1e-09, 1e-06, 0.001], 'dist1': ['uniform', 'normal'], 'iseed': [5, 6, 7, 8], 'l2_penalty_choice': ['zero', 'nz'], 'l2_penalty_nz': [1e-06, 0.0001, 0.01], 'lr': [0.001, 0.003, 0.01, 0.03], 'lr_anneal_start': [100, 1000, 5000], 'nhid1': [64, 128, 256, 512], 'pca_energy': [0.7, 0.85, 0.95, 0.99], 'preproc': ['raw', 'colnorm', 'pca'], 'scale_heur1': ['old', 'Glorot'], 'scale_mult1': [0.5, 1.0, 1.5, 2.0], 'squash': ['tanh', 'logistic']}",COMPLETE
2,0.6021775007247925,2025-08-19 22:50:11.533588,2025-08-19 22:50:55.700787,0 days 00:00:44.167199,100,,uniform,6,zero,,0.001,1000,128,0.99,pca,old,1.0,tanh,2,"{'batch_size': [20, 100], 'colnorm_thresh': [1e-09, 1e-06, 0.001], 'dist1': ['uniform', 'normal'], 'iseed': [5, 6, 7, 8], 'l2_penalty_choice': ['zero', 'nz'], 'l2_penalty_nz': [1e-06, 0.0001, 0.01], 'lr': [0.001, 0.003, 0.01, 0.03], 'lr_anneal_start': [100, 1000, 5000], 'nhid1': [64, 128, 256, 512], 'pca_energy': [0.7, 0.85, 0.95, 0.99], 'preproc': ['raw', 'colnorm', 'pca'], 'scale_heur1': ['old', 'Glorot'], 'scale_mult1': [0.5, 1.0, 1.5, 2.0], 'squash': ['tanh', 'logistic']}",COMPLETE
3,0.8239355285962423,2025-08-19 22:50:55.701326,2025-08-19 22:51:42.915306,0 days 00:00:47.213980,100,,uniform,6,nz,1e-06,0.003,5000,512,0.85,pca,old,1.0,tanh,3,"{'batch_size': [20, 100], 'colnorm_thresh': [1e-09, 1e-06, 0.001], 'dist1': ['uniform', 'normal'], 'iseed': [5, 6, 7, 8], 'l2_penalty_choice': ['zero', 'nz'], 'l2_penalty_nz': [1e-06, 0.0001, 0.01], 'lr': [0.001, 0.003, 0.01, 0.03], 'lr_anneal_start': [100, 1000, 5000], 'nhid1': [64, 128, 256, 512], 'pca_energy': [0.7, 0.85, 0.95, 0.99], 'preproc': ['raw', 'colnorm', 'pca'], 'scale_heur1': ['old', 'Glorot'], 'scale_mult1': [0.5, 1.0, 1.5, 2.0], 'squash': ['tanh', 'logistic']}",COMPLETE
4,0.8293387293815613,2025-08-19 22:51:42.915846,2025-08-19 22:55:13.552445,0 days 00:03:30.636599,20,,uniform,5,zero,,0.01,5000,256,0.7,pca,Glorot,,logistic,4,"{'batch_size': [20, 100], 'colnorm_thresh': [1e-09, 1e-06, 0.001], 'dist1': ['uniform', 'normal'], 'iseed': [5, 6, 7, 8], 'l2_penalty_choice': ['zero', 'nz'], 'l2_penalty_nz': [1e-06, 0.0001, 0.01], 'lr': [0.001, 0.003, 0.01, 0.03], 'lr_anneal_start': [100, 1000, 5000], 'nhid1': [64, 128, 256, 512], 'pca_energy': [0.7, 0.85, 0.95, 0.99], 'preproc': ['raw', 'colnorm', 'pca'], 'scale_heur1': ['old', 'Glorot'], 'scale_mult1': [0.5, 1.0, 1.5, 2.0], 'squash': ['tanh', 'logistic']}",COMPLETE
5,0.8271128932634989,2025-08-19 22:55:13.552998,2025-08-19 22:55:57.427323,0 days 00:00:43.874325,100,,normal,7,zero,,0.01,5000,256,0.7,pca,old,1.0,logistic,5,"{'batch_size': [20, 100], 'colnorm_thresh': [1e-09, 1e-06, 0.001], 'dist1': ['uniform', 'normal'], 'iseed': [5, 6, 7, 8], 'l2_penalty_choice': ['zero', 'nz'], 'l2_penalty_nz': [1e-06, 0.0001, 0.01], 'lr': [0.001, 0.003, 0.01, 0.03], 'lr_anneal_start': [100, 1000, 5000], 'nhid1': [64, 128, 256, 512], 'pca_energy': [0.7, 0.85, 0.95, 0.99], 'preproc': ['raw', 'colnorm', 'pca'], 'scale_heur1': ['old', 'Glorot'], 'scale_mult1': [0.5, 1.0, 1.5, 2.0], 'squash': ['tanh', 'logistic']}",COMPLETE
6,0.2318710188070933,2025-08-19 22:55:57.427775,2025-08-19 22:56:39.267062,0 days 00:00:41.839287,100,,normal,7,zero,,0.001,5000,256,,raw,old,1.0,logistic,6,"{'batch_size': [20, 100], 'colnorm_thresh': [1e-09, 1e-06, 0.001], 'dist1': ['uniform', 'normal'], 'iseed': [5, 6, 7, 8], 'l2_penalty_choice': ['zero', 'nz'], 'l2_penalty_nz': [1e-06, 0.0001, 0.01], 'lr': [0.001, 0.003, 0.01, 0.03], 'lr_anneal_start': [100, 1000, 5000], 'nhid1': [64, 128, 256, 512], 'pca_energy': [0.7, 0.85, 0.95, 0.99], 'preproc': ['raw', 'colnorm', 'pca'], 'scale_heur1': ['old', 'Glorot'], 'scale_mult1': [0.5, 1.0, 1.5, 2.0], 'squash': ['tanh', 'logistic']}",COMPLETE
7,0.5367900729179382,2025-08-19 22:56:39.267596,2025-08-19 22:57:23.364225,0 days 00:00:44.096629,100,,uniform,5,zero,,0.001,100,128,0.7,pca,Glorot,,tanh,7,"{'batch_size': [20, 100], 'colnorm_thresh': [1e-09, 1e-06, 0.001], 'dist1': ['uniform', 'normal'], 'iseed': [5, 6, 7, 8], 'l2_penalty_choice': ['zero', 'nz'], 'l2_penalty_nz': [1e-06, 0.0001, 0.01], 'lr': [0.001, 0.003, 0.01, 0.03], 'lr_anneal_start': [100, 1000, 5000], 'nhid1': [64, 128, 256, 512], 'pca_energy': [0.7, 0.85, 0.95, 0.99], 'preproc': ['raw', 'colnorm', 'pca'], 'scale_heur1': ['old', 'Glorot'], 'scale_mult1': [0.5, 1.0, 1.5, 2.0], 'squash': ['tanh', 'logistic']}",COMPLETE
8,0.8124354283014933,2025-08-19 22:57:23.364748,2025-08-19 23:00:48.566506,0 days 00:03:25.201758,20,,uniform,8,zero,,0.01,1000,64,,raw,old,1.0,tanh,8,"{'batch_size': [20, 100], 'colnorm_thresh': [1e-09, 1e-06, 0.001], 'dist1': ['uniform', 'normal'], 'iseed': [5, 6, 7, 8], 'l2_penalty_choice': ['zero', 'nz'], 'l2_penalty_nz': [1e-06, 0.0001, 0.01], 'lr': [0.001, 0.003, 0.01, 0.03], 'lr_anneal_start': [100, 1000, 5000], 'nhid1': [64, 128, 256, 512], 'pca_energy': [0.7, 0.85, 0.95, 0.99], 'preproc': ['raw', 'colnorm', 'pca'], 'scale_heur1': ['old', 'Glorot'], 'scale_mult1': [0.5, 1.0, 1.5, 2.0], 'squash': ['tanh', 'logistic']}",COMPLETE
9,0.7715322375297546,2025-08-19 23:00:48.567058,2025-08-19 23:04:37.707867,0 days 00:03:49.140809,20,,normal,6,nz,0.01,0.01,100,512,0.85,pca,Glorot,,tanh,9,"{'batch_size': [20, 100], 'colnorm_thresh': [1e-09, 1e-06, 0.001], 'dist1': ['uniform', 'normal'], 'iseed': [5, 6, 7, 8], 'l2_penalty_choice': ['zero', 'nz'], 'l2_penalty_nz': [1e-06, 0.0001, 0.01], 'lr': [0.001, 0.003, 0.01, 0.03], 'lr_anneal_start': [100, 1000, 5000], 'nhid1': [64, 128, 256, 512], 'pca_energy': [0.7, 0.85, 0.95, 0.99], 'preproc': ['raw', 'colnorm', 'pca'], 'scale_heur1': ['old', 'Glorot'], 'scale_mult1': [0.5, 1.0, 1.5, 2.0], 'squash': ['tanh', 'logistic']}",COMPLETE
10,0.5855643153190613,2025-08-19 23:04:37.708427,2025-08-19 23:05:22.985152,0 days 00:00:45.276725,100,1e-06,uniform,7,nz,0.0001,0.03,100,64,,colnorm,Glorot,,logistic,10,"{'batch_size': [20, 100], 'colnorm_thresh': [1e-09, 1e-06, 0.001], 'dist1': ['uniform', 'normal'], 'iseed': [5, 6, 7, 8], 'l2_penalty_choice': ['zero', 'nz'], 'l2_penalty_nz': [1e-06, 0.0001, 0.01], 'lr': [0.001, 0.003, 0.01, 0.03], 'lr_anneal_start': [100, 1000, 5000], 'nhid1': [64, 128, 256, 512], 'pca_energy': [0.7, 0.85, 0.95, 0.99], 'preproc': ['raw', 'colnorm', 'pca'], 'scale_heur1': ['old', 'Glorot'], 'scale_mult1': [0.5, 1.0, 1.5, 2.0], 'squash': ['tanh', 'logistic']}",COMPLETE
11,0.48767712712287903,2025-08-19 23:05:22.985733,2025-08-19 23:09:03.503679,0 days 00:03:40.517946,20,1e-09,uniform,8,nz,1e-06,0.003,100,64,,colnorm,old,1.0,tanh,11,"{'batch_size': [20, 100], 'colnorm_thresh': [1e-09, 1e-06, 0.001], 'dist1': ['uniform', 'normal'], 'iseed': [5, 6, 7, 8], 'l2_penalty_choice': ['zero', 'nz'], 'l2_penalty_nz': [1e-06, 0.0001, 0.01], 'lr': [0.001, 0.003, 0.01, 0.03], 'lr_anneal_start': [100, 1000, 5000], 'nhid1': [64, 128, 256, 512], 'pca_energy': [0.7, 0.85, 0.95, 0.99], 'preproc': ['raw', 'colnorm', 'pca'], 'scale_heur1': ['old', 'Glorot'], 'scale_mult1': [0.5, 1.0, 1.5, 2.0], 'squash': ['tanh', 'logistic']}",COMPLETE
12,0.7116771737734476,2025-08-19 23:09:03.504233,2025-08-19 23:12:29.751292,0 days 00:03:26.247059,20,1e-06,uniform,7,zero,,0.03,100,128,,colnorm,old,2.0,logistic,12,"{'batch_size': [20, 100], 'colnorm_thresh': [1e-09, 1e-06, 0.001], 'dist1': ['uniform', 'normal'], 'iseed': [5, 6, 7, 8], 'l2_penalty_choice': ['zero', 'nz'], 'l2_penalty_nz': [1e-06, 0.0001, 0.01], 'lr': [0.001, 0.003, 0.01, 0.03], 'lr_anneal_start': [100, 1000, 5000], 'nhid1': [64, 128, 256, 512], 'pca_energy': [0.7, 0.85, 0.95, 0.99], 'preproc': ['raw', 'colnorm', 'pca'], 'scale_heur1': ['old', 'Glorot'], 'scale_mult1': [0.5, 1.0, 1.5, 2.0], 'squash': ['tanh', 'logistic']}",COMPLETE
13,0.7843548456827799,2025-08-19 23:12:29.751802,2025-08-19 23:13:11.854311,0 days 00:00:42.102509,100,,normal,6,zero,,0.01,5000,128,,raw,Glorot,,logistic,13,"{'batch_size': [20, 100], 'colnorm_thresh': [1e-09, 1e-06, 0.001], 'dist1': ['uniform', 'normal'], 'iseed': [5, 6, 7, 8], 'l2_penalty_choice': ['zero', 'nz'], 'l2_penalty_nz': [1e-06, 0.0001, 0.01], 'lr': [0.001, 0.003, 0.01, 0.03], 'lr_anneal_start': [100, 1000, 5000], 'nhid1': [64, 128, 256, 512], 'pca_energy': [0.7, 0.85, 0.95, 0.99], 'preproc': ['raw', 'colnorm', 'pca'], 'scale_heur1': ['old', 'Glorot'], 'scale_mult1': [0.5, 1.0, 1.5, 2.0], 'squash': ['tanh', 'logistic']}",COMPLETE
14,0.18662881354490915,2025-08-19 23:13:11.854792,2025-08-19 23:13:56.835939,0 days 00:00:44.981147,100,,normal,8,zero,,0.001,5000,128,,raw,Glorot,,logistic,14,"{'batch_size': [20, 100], 'colnorm_thresh': [1e-09, 1e-06, 0.001], 'dist1': ['uniform', 'normal'], 'iseed': [5, 6, 7, 8], 'l2_penalty_choice': ['zero', 'nz'], 'l2_penalty_nz': [1e-06, 0.0001, 0.01], 'lr': [0.001, 0.003, 0.01, 0.03], 'lr_anneal_start': [100, 1000, 5000], 'nhid1': [64, 128, 256, 512], 'pca_energy': [0.7, 0.85, 0.95, 0.99], 'preproc': ['raw', 'colnorm', 'pca'], 'scale_heur1': ['old', 'Glorot'], 'scale_mult1': [0.5, 1.0, 1.5, 2.0], 'squash': ['tanh', 'logistic']}",COMPLETE
15,0.7964354952176412,2025-08-19 23:13:56.836418,2025-08-19 23:14:40.387830,0 days 00:00:43.551412,100,,normal,5,zero,,0.003,1000,512,0.7,pca,Glorot,,tanh,15,"{'batch_size': [20, 100], 'colnorm_thresh': [1e-09, 1e-06, 0.001], 'dist1': ['uniform', 'normal'], 'iseed': [5, 6, 7, 8], 'l2_penalty_choice': ['zero', 'nz'], 'l2_penalty_nz': [1e-06, 0.0001, 0.01], 'lr': [0.001, 0.003, 0.01, 0.03], 'lr_anneal_start': [100, 1000, 5000], 'nhid1': [64, 128, 256, 512], 'pca_energy': [0.7, 0.85, 0.95, 0.99], 'preproc': ['raw', 'colnorm', 'pca'], 'scale_heur1': ['old', 'Glorot'], 'scale_mult1': [0.5, 1.0, 1.5, 2.0], 'squash': ['tanh', 'logistic']}",COMPLETE
16,0.6386934916178385,2025-08-19 23:14:40.388331,2025-08-19 23:15:20.330695,0 days 00:00:39.942364,100,,uniform,5,zero,,0.001,1000,512,,raw,Glorot,,tanh,16,"{'batch_size': [20, 100], 'colnorm_thresh': [1e-09, 1e-06, 0.001], 'dist1': ['uniform', 'normal'], 'iseed': [5, 6, 7, 8], 'l2_penalty_choice': ['zero', 'nz'], 'l2_penalty_nz': [1e-06, 0.0001, 0.01], 'lr': [0.001, 0.003, 0.01, 0.03], 'lr_anneal_start': [100, 1000, 5000], 'nhid1': [64, 128, 256, 512], 'pca_energy': [0.7, 0.85, 0.95, 0.99], 'preproc': ['raw', 'colnorm', 'pca'], 'scale_heur1': ['old', 'Glorot'], 'scale_mult1': [0.5, 1.0, 1.5, 2.0], 'squash': ['tanh', 'logistic']}",COMPLETE
17,0.8272741834322611,2025-08-19 23:15:20.330946,2025-08-19 23:18:40.817238,0 days 00:03:20.486292,20,,uniform,7,zero,,0.03,1000,128,,raw,Glorot,,tanh,17,"{'batch_size': [20, 100], 'colnorm_thresh': [1e-09, 1e-06, 0.001], 'dist1': ['uniform', 'normal'], 'iseed': [5, 6, 7, 8], 'l2_penalty_choice': ['zero', 'nz'], 'l2_penalty_nz': [1e-06, 0.0001, 0.01], 'lr': [0.001, 0.003, 0.01, 0.03], 'lr_anneal_start': [100, 1000, 5000], 'nhid1': [64, 128, 256, 512], 'pca_energy': [0.7, 0.85, 0.95, 0.99], 'preproc': ['raw', 'colnorm', 'pca'], 'scale_heur1': ['old', 'Glorot'], 'scale_mult1': [0.5, 1.0, 1.5, 2.0], 'squash': ['tanh', 'logistic']}",COMPLETE
18,0.8279354969660441,2025-08-19 23:18:40.819606,2025-08-19 23:19:25.216992,0 days 00:00:44.397386,100,1e-09,uniform,6,nz,1e-06,0.03,1000,64,,colnorm,old,1.0,logistic,18,"{'batch_size': [20, 100], 'colnorm_thresh': [1e-09, 1e-06, 0.001], 'dist1': ['uniform', 'normal'], 'iseed': [5, 6, 7, 8], 'l2_penalty_choice': ['zero', 'nz'], 'l2_penalty_nz': [1e-06, 0.0001, 0.01], 'lr': [0.001, 0.003, 0.01, 0.03], 'lr_anneal_start': [100, 1000, 5000], 'nhid1': [64, 128, 256, 512], 'pca_energy': [0.7, 0.85, 0.95, 0.99], 'preproc': ['raw', 'colnorm', 'pca'], 'scale_heur1': ['old', 'Glorot'], 'scale_mult1': [0.5, 1.0, 1.5, 2.0], 'squash': ['tanh', 'logistic']}",COMPLETE
19,0.6737741033236185,2025-08-19 23:19:25.217440,2025-08-19 23:20:10.696905,0 days 00:00:45.479465,100,,normal,5,nz,0.01,0.003,100,512,0.85,pca,Glorot,,tanh,19,"{'batch_size': [20, 100], 'colnorm_thresh': [1e-09, 1e-06, 0.001], 'dist1': ['uniform', 'normal'], 'iseed': [5, 6, 7, 8], 'l2_penalty_choice': ['zero', 'nz'], 'l2_penalty_nz': [1e-06, 0.0001, 0.01], 'lr': [0.001, 0.003, 0.01, 0.03], 'lr_anneal_start': [100, 1000, 5000], 'nhid1': [64, 128, 256, 512], 'pca_energy': [0.7, 0.85, 0.95, 0.99], 'preproc': ['raw', 'colnorm', 'pca'], 'scale_heur1': ['old', 'Glorot'], 'scale_mult1': [0.5, 1.0, 1.5, 2.0], 'squash': ['tanh', 'logistic']}",COMPLETE
20,0.8263871272404989,2025-08-19 23:20:10.697384,2025-08-19 23:20:54.285538,0 days 00:00:43.588154,100,1e-09,uniform,6,nz,1e-06,0.03,1000,512,,colnorm,Glorot,,logistic,20,"{'batch_size': [20, 100], 'colnorm_thresh': [1e-09, 1e-06, 0.001], 'dist1': ['uniform', 'normal'], 'iseed': [5, 6, 7, 8], 'l2_penalty_choice': ['zero', 'nz'], 'l2_penalty_nz': [1e-06, 0.0001, 0.01], 'lr': [0.001, 0.003, 0.01, 0.03], 'lr_anneal_start': [100, 1000, 5000], 'nhid1': [64, 128, 256, 512], 'pca_energy': [0.7, 0.85, 0.95, 0.99], 'preproc': ['raw', 'colnorm', 'pca'], 'scale_heur1': ['old', 'Glorot'], 'scale_mult1': [0.5, 1.0, 1.5, 2.0], 'squash': ['tanh', 'logistic']}",COMPLETE
21,0.6644838253657023,2025-08-19 23:20:54.286049,2025-08-19 23:21:39.550273,0 days 00:00:45.264224,100,,normal,8,nz,0.01,0.001,1000,512,0.7,pca,old,1.5,logistic,21,"{'batch_size': [20, 100], 'colnorm_thresh': [1e-09, 1e-06, 0.001], 'dist1': ['uniform', 'normal'], 'iseed': [5, 6, 7, 8], 'l2_penalty_choice': ['zero', 'nz'], 'l2_penalty_nz': [1e-06, 0.0001, 0.01], 'lr': [0.001, 0.003, 0.01, 0.03], 'lr_anneal_start': [100, 1000, 5000], 'nhid1': [64, 128, 256, 512], 'pca_energy': [0.7, 0.85, 0.95, 0.99], 'preproc': ['raw', 'colnorm', 'pca'], 'scale_heur1': ['old', 'Glorot'], 'scale_mult1': [0.5, 1.0, 1.5, 2.0], 'squash': ['tanh', 'logistic']}",COMPLETE
22,0.8243387738863627,2025-08-19 23:21:39.550597,2025-08-19 23:25:01.089700,0 days 00:03:21.539103,20,,normal,6,zero,,0.03,1000,512,,raw,Glorot,,tanh,22,"{'batch_size': [20, 100], 'colnorm_thresh': [1e-09, 1e-06, 0.001], 'dist1': ['uniform', 'normal'], 'iseed': [5, 6, 7, 8], 'l2_penalty_choice': ['zero', 'nz'], 'l2_penalty_nz': [1e-06, 0.0001, 0.01], 'lr': [0.001, 0.003, 0.01, 0.03], 'lr_anneal_start': [100, 1000, 5000], 'nhid1': [64, 128, 256, 512], 'pca_energy': [0.7, 0.85, 0.95, 0.99], 'preproc': ['raw', 'colnorm', 'pca'], 'scale_heur1': ['old', 'Glorot'], 'scale_mult1': [0.5, 1.0, 1.5, 2.0], 'squash': ['tanh', 'logistic']}",COMPLETE
23,0.8276451826095581,2025-08-19 23:25:01.090179,2025-08-19 23:28:22.828313,0 days 00:03:21.738134,20,,uniform,7,zero,,0.03,1000,512,0.99,pca,old,2.0,logistic,23,"{'batch_size': [20, 100], 'colnorm_thresh': [1e-09, 1e-06, 0.001], 'dist1': ['uniform', 'normal'], 'iseed': [5, 6, 7, 8], 'l2_penalty_choice': ['zero', 'nz'], 'l2_penalty_nz': [1e-06, 0.0001, 0.01], 'lr': [0.001, 0.003, 0.01, 0.03], 'lr_anneal_start': [100, 1000, 5000], 'nhid1': [64, 128, 256, 512], 'pca_energy': [0.7, 0.85, 0.95, 0.99], 'preproc': ['raw', 'colnorm', 'pca'], 'scale_heur1': ['old', 'Glorot'], 'scale_mult1': [0.5, 1.0, 1.5, 2.0], 'squash': ['tanh', 'logistic']}",COMPLETE
24,0.7947258154551188,2025-08-19 23:28:22.828909,2025-08-19 23:29:08.373540,0 days 00:00:45.544631,100,,normal,8,nz,0.0001,0.003,5000,64,0.85,pca,Glorot,,tanh,24,"{'batch_size': [20, 100], 'colnorm_thresh': [1e-09, 1e-06, 0.001], 'dist1': ['uniform', 'normal'], 'iseed': [5, 6, 7, 8], 'l2_penalty_choice': ['zero', 'nz'], 'l2_penalty_nz': [1e-06, 0.0001, 0.01], 'lr': [0.001, 0.003, 0.01, 0.03], 'lr_anneal_start': [100, 1000, 5000], 'nhid1': [64, 128, 256, 512], 'pca_energy': [0.7, 0.85, 0.95, 0.99], 'preproc': ['raw', 'colnorm', 'pca'], 'scale_heur1': ['old', 'Glorot'], 'scale_mult1': [0.5, 1.0, 1.5, 2.0], 'squash': ['tanh', 'logistic']}",COMPLETE
25,0.6399838527043661,2025-08-19 23:29:08.373846,2025-08-19 23:29:51.659627,0 days 00:00:43.285781,100,,uniform,6,nz,0.0001,0.003,1000,512,,raw,old,0.5,tanh,25,"{'batch_size': [20, 100], 'colnorm_thresh': [1e-09, 1e-06, 0.001], 'dist1': ['uniform', 'normal'], 'iseed': [5, 6, 7, 8], 'l2_penalty_choice': ['zero', 'nz'], 'l2_penalty_nz': [1e-06, 0.0001, 0.01], 'lr': [0.001, 0.003, 0.01, 0.03], 'lr_anneal_start': [100, 1000, 5000], 'nhid1': [64, 128, 256, 512], 'pca_energy': [0.7, 0.85, 0.95, 0.99], 'preproc': ['raw', 'colnorm', 'pca'], 'scale_heur1': ['old', 'Glorot'], 'scale_mult1': [0.5, 1.0, 1.5, 2.0], 'squash': ['tanh', 'logistic']}",COMPLETE
26,0.15816102921962738,2025-08-19 23:29:51.660064,2025-08-19 23:30:37.426668,0 days 00:00:45.766604,100,,normal,6,nz,1e-06,0.003,100,512,,raw,old,2.0,logistic,26,"{'batch_size': [20, 100], 'colnorm_thresh': [1e-09, 1e-06, 0.001], 'dist1': ['uniform', 'normal'], 'iseed': [5, 6, 7, 8], 'l2_penalty_choice': ['zero', 'nz'], 'l2_penalty_nz': [1e-06, 0.0001, 0.01], 'lr': [0.001, 0.003, 0.01, 0.03], 'lr_anneal_start': [100, 1000, 5000], 'nhid1': [64, 128, 256, 512], 'pca_energy': [0.7, 0.85, 0.95, 0.99], 'preproc': ['raw', 'colnorm', 'pca'], 'scale_heur1': ['old', 'Glorot'], 'scale_mult1': [0.5, 1.0, 1.5, 2.0], 'squash': ['tanh', 'logistic']}",COMPLETE
27,0.5463868379592896,2025-08-19 23:30:37.427126,2025-08-19 23:31:18.678436,0 days 00:00:41.251310,100,0.001,normal,7,zero,,0.001,1000,256,,colnorm,old,2.0,logistic,27,"{'batch_size': [20, 100], 'colnorm_thresh': [1e-09, 1e-06, 0.001], 'dist1': ['uniform', 'normal'], 'iseed': [5, 6, 7, 8], 'l2_penalty_choice': ['zero', 'nz'], 'l2_penalty_nz': [1e-06, 0.0001, 0.01], 'lr': [0.001, 0.003, 0.01, 0.03], 'lr_anneal_start': [100, 1000, 5000], 'nhid1': [64, 128, 256, 512], 'pca_energy': [0.7, 0.85, 0.95, 0.99], 'preproc': ['raw', 'colnorm', 'pca'], 'scale_heur1': ['old', 'Glorot'], 'scale_mult1': [0.5, 1.0, 1.5, 2.0], 'squash': ['tanh', 'logistic']}",COMPLETE
28,0.6605482498804728,2025-08-19 23:31:18.678895,2025-08-19 23:32:02.153070,0 days 00:00:43.474175,100,0.001,uniform,6,nz,0.01,0.003,1000,256,,colnorm,Glorot,,logistic,28,"{'batch_size': [20, 100], 'colnorm_thresh': [1e-09, 1e-06, 0.001], 'dist1': ['uniform', 'normal'], 'iseed': [5, 6, 7, 8], 'l2_penalty_choice': ['zero', 'nz'], 'l2_penalty_nz': [1e-06, 0.0001, 0.01], 'lr': [0.001, 0.003, 0.01, 0.03], 'lr_anneal_start': [100, 1000, 5000], 'nhid1': [64, 128, 256, 512], 'pca_energy': [0.7, 0.85, 0.95, 0.99], 'preproc': ['raw', 'colnorm', 'pca'], 'scale_heur1': ['old', 'Glorot'], 'scale_mult1': [0.5, 1.0, 1.5, 2.0], 'squash': ['tanh', 'logistic']}",COMPLETE
29,0.6004029711087545,2025-08-19 23:32:02.153545,2025-08-19 23:35:21.623651,0 days 00:03:19.470106,20,0.001,uniform,6,zero,,0.01,100,256,,colnorm,Glorot,,logistic,29,"{'batch_size': [20, 100], 'colnorm_thresh': [1e-09, 1e-06, 0.001], 'dist1': ['uniform', 'normal'], 'iseed': [5, 6, 7, 8], 'l2_penalty_choice': ['zero', 'nz'], 'l2_penalty_nz': [1e-06, 0.0001, 0.01], 'lr': [0.001, 0.003, 0.01, 0.03], 'lr_anneal_start': [100, 1000, 5000], 'nhid1': [64, 128, 256, 512], 'pca_energy': [0.7, 0.85, 0.95, 0.99], 'preproc': ['raw', 'colnorm', 'pca'], 'scale_heur1': ['old', 'Glorot'], 'scale_mult1': [0.5, 1.0, 1.5, 2.0], 'squash': ['tanh', 'logistic']}",COMPLETE
30,0.8288548390070597,2025-08-19 23:35:21.625940,2025-08-19 23:38:41.146026,0 days 00:03:19.520086,20,,uniform,5,zero,,0.03,5000,128,,raw,old,0.5,logistic,30,"{'batch_size': [20, 100], 'colnorm_thresh': [1e-09, 1e-06, 0.001], 'dist1': ['uniform', 'normal'], 'iseed': [5, 6, 7, 8], 'l2_penalty_choice': ['zero', 'nz'], 'l2_penalty_nz': [1e-06, 0.0001, 0.01], 'lr': [0.001, 0.003, 0.01, 0.03], 'lr_anneal_start': [100, 1000, 5000], 'nhid1': [64, 128, 256, 512], 'pca_energy': [0.7, 0.85, 0.95, 0.99], 'preproc': ['raw', 'colnorm', 'pca'], 'scale_heur1': ['old', 'Glorot'], 'scale_mult1': [0.5, 1.0, 1.5, 2.0], 'squash': ['tanh', 'logistic']}",COMPLETE
31,0.8393709460894266,2025-08-19 23:38:41.146521,2025-08-19 23:41:57.319693,0 days 00:03:16.173172,20,,normal,5,zero,,0.03,5000,512,,raw,old,1.5,tanh,31,"{'batch_size': [20, 100], 'colnorm_thresh': [1e-09, 1e-06, 0.001], 'dist1': ['uniform', 'normal'], 'iseed': [5, 6, 7, 8], 'l2_penalty_choice': ['zero', 'nz'], 'l2_penalty_nz': [1e-06, 0.0001, 0.01], 'lr': [0.001, 0.003, 0.01, 0.03], 'lr_anneal_start': [100, 1000, 5000], 'nhid1': [64, 128, 256, 512], 'pca_energy': [0.7, 0.85, 0.95, 0.99], 'preproc': ['raw', 'colnorm', 'pca'], 'scale_heur1': ['old', 'Glorot'], 'scale_mult1': [0.5, 1.0, 1.5, 2.0], 'squash': ['tanh', 'logistic']}",COMPLETE
