number,value,datetime_start,datetime_complete,duration,params_batch_size,params_colnorm_thresh,params_dist1,params_iseed,params_l2_penalty_choice,params_l2_penalty_nz,params_lr,params_lr_anneal_start,params_nhid1,params_pca_energy,params_preproc,params_scale_heur1,params_scale_mult1,params_squash,system_attrs_grid_id,system_attrs_search_space,state
65,0.765193521976471,2025-08-20 01:03:16.240786,2025-08-20 01:06:33.082996,0 days 00:03:16.842210,20,1e-09,uniform,8,zero,,0.003,1000,128,,colnorm,Glorot,,tanh,65,"{'batch_size': [20, 100], 'colnorm_thresh': [1e-09, 1e-06, 0.001], 'dist1': ['uniform', 'normal'], 'iseed': [5, 6, 7, 8], 'l2_penalty_choice': ['zero', 'nz'], 'l2_penalty_nz': [1e-06, 0.0001, 0.01], 'lr': [0.001, 0.003, 0.01, 0.03], 'lr_anneal_start': [100, 1000, 5000], 'nhid1': [64, 128, 256, 512], 'pca_energy': [0.7, 0.85, 0.95, 0.99], 'preproc': ['raw', 'colnorm', 'pca'], 'scale_heur1': ['old', 'Glorot'], 'scale_mult1': [0.5, 1.0, 1.5, 2.0], 'squash': ['tanh', 'logistic']}",COMPLETE
66,0.8078387180964152,2025-08-20 01:06:33.083502,2025-08-20 01:10:04.166369,0 days 00:03:31.082867,20,,normal,7,nz,0.01,0.01,1000,256,0.7,pca,old,1.5,logistic,66,"{'batch_size': [20, 100], 'colnorm_thresh': [1e-09, 1e-06, 0.001], 'dist1': ['uniform', 'normal'], 'iseed': [5, 6, 7, 8], 'l2_penalty_choice': ['zero', 'nz'], 'l2_penalty_nz': [1e-06, 0.0001, 0.01], 'lr': [0.001, 0.003, 0.01, 0.03], 'lr_anneal_start': [100, 1000, 5000], 'nhid1': [64, 128, 256, 512], 'pca_energy': [0.7, 0.85, 0.95, 0.99], 'preproc': ['raw', 'colnorm', 'pca'], 'scale_heur1': ['old', 'Glorot'], 'scale_mult1': [0.5, 1.0, 1.5, 2.0], 'squash': ['tanh', 'logistic']}",COMPLETE
67,0.812274158000946,2025-08-20 01:10:04.173689,2025-08-20 01:13:43.353648,0 days 00:03:39.179959,20,,uniform,5,nz,0.0001,0.003,5000,128,,raw,Glorot,,tanh,67,"{'batch_size': [20, 100], 'colnorm_thresh': [1e-09, 1e-06, 0.001], 'dist1': ['uniform', 'normal'], 'iseed': [5, 6, 7, 8], 'l2_penalty_choice': ['zero', 'nz'], 'l2_penalty_nz': [1e-06, 0.0001, 0.01], 'lr': [0.001, 0.003, 0.01, 0.03], 'lr_anneal_start': [100, 1000, 5000], 'nhid1': [64, 128, 256, 512], 'pca_energy': [0.7, 0.85, 0.95, 0.99], 'preproc': ['raw', 'colnorm', 'pca'], 'scale_heur1': ['old', 'Glorot'], 'scale_mult1': [0.5, 1.0, 1.5, 2.0], 'squash': ['tanh', 'logistic']}",COMPLETE
68,0.6020643512407938,2025-08-20 01:13:43.357231,2025-08-20 01:14:25.509645,0 days 00:00:42.152414,100,0.001,uniform,6,zero,,0.01,100,64,,colnorm,old,1.5,tanh,68,"{'batch_size': [20, 100], 'colnorm_thresh': [1e-09, 1e-06, 0.001], 'dist1': ['uniform', 'normal'], 'iseed': [5, 6, 7, 8], 'l2_penalty_choice': ['zero', 'nz'], 'l2_penalty_nz': [1e-06, 0.0001, 0.01], 'lr': [0.001, 0.003, 0.01, 0.03], 'lr_anneal_start': [100, 1000, 5000], 'nhid1': [64, 128, 256, 512], 'pca_energy': [0.7, 0.85, 0.95, 0.99], 'preproc': ['raw', 'colnorm', 'pca'], 'scale_heur1': ['old', 'Glorot'], 'scale_mult1': [0.5, 1.0, 1.5, 2.0], 'squash': ['tanh', 'logistic']}",COMPLETE
69,0.6529354651769003,2025-08-20 01:14:25.509914,2025-08-20 01:17:52.922392,0 days 00:03:27.412478,20,,normal,7,zero,,0.001,100,512,0.85,pca,old,2.0,tanh,69,"{'batch_size': [20, 100], 'colnorm_thresh': [1e-09, 1e-06, 0.001], 'dist1': ['uniform', 'normal'], 'iseed': [5, 6, 7, 8], 'l2_penalty_choice': ['zero', 'nz'], 'l2_penalty_nz': [1e-06, 0.0001, 0.01], 'lr': [0.001, 0.003, 0.01, 0.03], 'lr_anneal_start': [100, 1000, 5000], 'nhid1': [64, 128, 256, 512], 'pca_energy': [0.7, 0.85, 0.95, 0.99], 'preproc': ['raw', 'colnorm', 'pca'], 'scale_heur1': ['old', 'Glorot'], 'scale_mult1': [0.5, 1.0, 1.5, 2.0], 'squash': ['tanh', 'logistic']}",COMPLETE
70,0.8203547994295756,2025-08-20 01:17:52.922888,2025-08-20 01:18:37.363149,0 days 00:00:44.440261,100,1e-06,normal,7,nz,0.0001,0.03,5000,512,,colnorm,Glorot,,logistic,70,"{'batch_size': [20, 100], 'colnorm_thresh': [1e-09, 1e-06, 0.001], 'dist1': ['uniform', 'normal'], 'iseed': [5, 6, 7, 8], 'l2_penalty_choice': ['zero', 'nz'], 'l2_penalty_nz': [1e-06, 0.0001, 0.01], 'lr': [0.001, 0.003, 0.01, 0.03], 'lr_anneal_start': [100, 1000, 5000], 'nhid1': [64, 128, 256, 512], 'pca_energy': [0.7, 0.85, 0.95, 0.99], 'preproc': ['raw', 'colnorm', 'pca'], 'scale_heur1': ['old', 'Glorot'], 'scale_mult1': [0.5, 1.0, 1.5, 2.0], 'squash': ['tanh', 'logistic']}",COMPLETE
71,0.11349999656279881,2025-08-20 01:18:37.363675,2025-08-20 01:19:18.809963,0 days 00:00:41.446288,100,0.001,uniform,8,zero,,0.001,100,128,,colnorm,Glorot,,logistic,71,"{'batch_size': [20, 100], 'colnorm_thresh': [1e-09, 1e-06, 0.001], 'dist1': ['uniform', 'normal'], 'iseed': [5, 6, 7, 8], 'l2_penalty_choice': ['zero', 'nz'], 'l2_penalty_nz': [1e-06, 0.0001, 0.01], 'lr': [0.001, 0.003, 0.01, 0.03], 'lr_anneal_start': [100, 1000, 5000], 'nhid1': [64, 128, 256, 512], 'pca_energy': [0.7, 0.85, 0.95, 0.99], 'preproc': ['raw', 'colnorm', 'pca'], 'scale_heur1': ['old', 'Glorot'], 'scale_mult1': [0.5, 1.0, 1.5, 2.0], 'squash': ['tanh', 'logistic']}",COMPLETE
72,0.8149677713712057,2025-08-20 01:19:18.810458,2025-08-20 01:22:48.232067,0 days 00:03:29.421609,20,,normal,6,nz,0.01,0.003,5000,128,,raw,Glorot,,tanh,72,"{'batch_size': [20, 100], 'colnorm_thresh': [1e-09, 1e-06, 0.001], 'dist1': ['uniform', 'normal'], 'iseed': [5, 6, 7, 8], 'l2_penalty_choice': ['zero', 'nz'], 'l2_penalty_nz': [1e-06, 0.0001, 0.01], 'lr': [0.001, 0.003, 0.01, 0.03], 'lr_anneal_start': [100, 1000, 5000], 'nhid1': [64, 128, 256, 512], 'pca_energy': [0.7, 0.85, 0.95, 0.99], 'preproc': ['raw', 'colnorm', 'pca'], 'scale_heur1': ['old', 'Glorot'], 'scale_mult1': [0.5, 1.0, 1.5, 2.0], 'squash': ['tanh', 'logistic']}",COMPLETE
73,0.39309635758399963,2025-08-20 01:22:48.232572,2025-08-20 01:26:20.768330,0 days 00:03:32.535758,20,0.001,normal,7,nz,0.0001,0.003,100,256,,colnorm,Glorot,,logistic,73,"{'batch_size': [20, 100], 'colnorm_thresh': [1e-09, 1e-06, 0.001], 'dist1': ['uniform', 'normal'], 'iseed': [5, 6, 7, 8], 'l2_penalty_choice': ['zero', 'nz'], 'l2_penalty_nz': [1e-06, 0.0001, 0.01], 'lr': [0.001, 0.003, 0.01, 0.03], 'lr_anneal_start': [100, 1000, 5000], 'nhid1': [64, 128, 256, 512], 'pca_energy': [0.7, 0.85, 0.95, 0.99], 'preproc': ['raw', 'colnorm', 'pca'], 'scale_heur1': ['old', 'Glorot'], 'scale_mult1': [0.5, 1.0, 1.5, 2.0], 'squash': ['tanh', 'logistic']}",COMPLETE
74,0.6374515493710836,2025-08-20 01:26:20.772052,2025-08-20 01:30:00.991909,0 days 00:03:40.219857,20,,normal,5,nz,0.01,0.001,100,512,0.99,pca,old,2.0,tanh,74,"{'batch_size': [20, 100], 'colnorm_thresh': [1e-09, 1e-06, 0.001], 'dist1': ['uniform', 'normal'], 'iseed': [5, 6, 7, 8], 'l2_penalty_choice': ['zero', 'nz'], 'l2_penalty_nz': [1e-06, 0.0001, 0.01], 'lr': [0.001, 0.003, 0.01, 0.03], 'lr_anneal_start': [100, 1000, 5000], 'nhid1': [64, 128, 256, 512], 'pca_energy': [0.7, 0.85, 0.95, 0.99], 'preproc': ['raw', 'colnorm', 'pca'], 'scale_heur1': ['old', 'Glorot'], 'scale_mult1': [0.5, 1.0, 1.5, 2.0], 'squash': ['tanh', 'logistic']}",COMPLETE
75,0.8061451117197672,2025-08-20 01:30:00.996908,2025-08-20 01:33:20.323406,0 days 00:03:19.326498,20,,uniform,8,zero,,0.01,1000,128,0.7,pca,old,1.0,logistic,75,"{'batch_size': [20, 100], 'colnorm_thresh': [1e-09, 1e-06, 0.001], 'dist1': ['uniform', 'normal'], 'iseed': [5, 6, 7, 8], 'l2_penalty_choice': ['zero', 'nz'], 'l2_penalty_nz': [1e-06, 0.0001, 0.01], 'lr': [0.001, 0.003, 0.01, 0.03], 'lr_anneal_start': [100, 1000, 5000], 'nhid1': [64, 128, 256, 512], 'pca_energy': [0.7, 0.85, 0.95, 0.99], 'preproc': ['raw', 'colnorm', 'pca'], 'scale_heur1': ['old', 'Glorot'], 'scale_mult1': [0.5, 1.0, 1.5, 2.0], 'squash': ['tanh', 'logistic']}",COMPLETE
76,0.5923709670702616,2025-08-20 01:33:20.323900,2025-08-20 01:34:05.800265,0 days 00:00:45.476365,100,,uniform,7,nz,0.01,0.001,1000,128,0.95,pca,Glorot,,tanh,76,"{'batch_size': [20, 100], 'colnorm_thresh': [1e-09, 1e-06, 0.001], 'dist1': ['uniform', 'normal'], 'iseed': [5, 6, 7, 8], 'l2_penalty_choice': ['zero', 'nz'], 'l2_penalty_nz': [1e-06, 0.0001, 0.01], 'lr': [0.001, 0.003, 0.01, 0.03], 'lr_anneal_start': [100, 1000, 5000], 'nhid1': [64, 128, 256, 512], 'pca_energy': [0.7, 0.85, 0.95, 0.99], 'preproc': ['raw', 'colnorm', 'pca'], 'scale_heur1': ['old', 'Glorot'], 'scale_mult1': [0.5, 1.0, 1.5, 2.0], 'squash': ['tanh', 'logistic']}",COMPLETE
77,0.113467738032341,2025-08-20 01:34:05.800762,2025-08-20 01:37:35.665959,0 days 00:03:29.865197,20,,uniform,7,nz,0.0001,0.003,100,256,,raw,Glorot,,logistic,77,"{'batch_size': [20, 100], 'colnorm_thresh': [1e-09, 1e-06, 0.001], 'dist1': ['uniform', 'normal'], 'iseed': [5, 6, 7, 8], 'l2_penalty_choice': ['zero', 'nz'], 'l2_penalty_nz': [1e-06, 0.0001, 0.01], 'lr': [0.001, 0.003, 0.01, 0.03], 'lr_anneal_start': [100, 1000, 5000], 'nhid1': [64, 128, 256, 512], 'pca_energy': [0.7, 0.85, 0.95, 0.99], 'preproc': ['raw', 'colnorm', 'pca'], 'scale_heur1': ['old', 'Glorot'], 'scale_mult1': [0.5, 1.0, 1.5, 2.0], 'squash': ['tanh', 'logistic']}",COMPLETE
78,0.6338872909545898,2025-08-20 01:37:35.669161,2025-08-20 01:40:49.930848,0 days 00:03:14.261687,20,,uniform,6,zero,,0.003,1000,64,,raw,old,1.0,tanh,78,"{'batch_size': [20, 100], 'colnorm_thresh': [1e-09, 1e-06, 0.001], 'dist1': ['uniform', 'normal'], 'iseed': [5, 6, 7, 8], 'l2_penalty_choice': ['zero', 'nz'], 'l2_penalty_nz': [1e-06, 0.0001, 0.01], 'lr': [0.001, 0.003, 0.01, 0.03], 'lr_anneal_start': [100, 1000, 5000], 'nhid1': [64, 128, 256, 512], 'pca_energy': [0.7, 0.85, 0.95, 0.99], 'preproc': ['raw', 'colnorm', 'pca'], 'scale_heur1': ['old', 'Glorot'], 'scale_mult1': [0.5, 1.0, 1.5, 2.0], 'squash': ['tanh', 'logistic']}",COMPLETE
79,0.749564528465271,2025-08-20 01:40:49.931340,2025-08-20 01:41:32.034867,0 days 00:00:42.103527,100,1e-09,uniform,7,zero,,0.01,1000,64,,colnorm,Glorot,,logistic,79,"{'batch_size': [20, 100], 'colnorm_thresh': [1e-09, 1e-06, 0.001], 'dist1': ['uniform', 'normal'], 'iseed': [5, 6, 7, 8], 'l2_penalty_choice': ['zero', 'nz'], 'l2_penalty_nz': [1e-06, 0.0001, 0.01], 'lr': [0.001, 0.003, 0.01, 0.03], 'lr_anneal_start': [100, 1000, 5000], 'nhid1': [64, 128, 256, 512], 'pca_energy': [0.7, 0.85, 0.95, 0.99], 'preproc': ['raw', 'colnorm', 'pca'], 'scale_heur1': ['old', 'Glorot'], 'scale_mult1': [0.5, 1.0, 1.5, 2.0], 'squash': ['tanh', 'logistic']}",COMPLETE
