number,value,datetime_start,datetime_complete,duration,params_batch_size,params_colnorm_thresh,params_dist1,params_iseed,params_l2_penalty_choice,params_l2_penalty_nz,params_lr,params_lr_anneal_start,params_nhid1,params_pca_energy,params_preproc,params_scale_heur1,params_scale_mult1,params_squash,system_attrs_grid_id,system_attrs_search_space,state
65,0.8952257831891378,2025-08-20 01:03:25.050086,2025-08-20 01:06:41.383174,0 days 00:03:16.333088,20,1e-09,uniform,8,zero,,0.003,1000,128,,colnorm,Glorot,,tanh,65,"{'batch_size': [20, 100], 'colnorm_thresh': [1e-09, 1e-06, 0.001], 'dist1': ['uniform', 'normal'], 'iseed': [5, 6, 7, 8], 'l2_penalty_choice': ['zero', 'nz'], 'l2_penalty_nz': [1e-06, 0.0001, 0.01], 'lr': [0.001, 0.003, 0.01, 0.03], 'lr_anneal_start': [100, 1000, 5000], 'nhid1': [64, 128, 256, 512], 'pca_energy': [0.7, 0.85, 0.95, 0.99], 'preproc': ['raw', 'colnorm', 'pca'], 'scale_heur1': ['old', 'Glorot'], 'scale_mult1': [0.5, 1.0, 1.5, 2.0], 'squash': ['tanh', 'logistic']}",COMPLETE
66,0.8949193159739176,2025-08-20 01:06:41.386500,2025-08-20 01:10:13.134482,0 days 00:03:31.747982,20,,normal,7,nz,0.01,0.01,1000,256,0.7,pca,old,1.5,logistic,66,"{'batch_size': [20, 100], 'colnorm_thresh': [1e-09, 1e-06, 0.001], 'dist1': ['uniform', 'normal'], 'iseed': [5, 6, 7, 8], 'l2_penalty_choice': ['zero', 'nz'], 'l2_penalty_nz': [1e-06, 0.0001, 0.01], 'lr': [0.001, 0.003, 0.01, 0.03], 'lr_anneal_start': [100, 1000, 5000], 'nhid1': [64, 128, 256, 512], 'pca_energy': [0.7, 0.85, 0.95, 0.99], 'preproc': ['raw', 'colnorm', 'pca'], 'scale_heur1': ['old', 'Glorot'], 'scale_mult1': [0.5, 1.0, 1.5, 2.0], 'squash': ['tanh', 'logistic']}",COMPLETE
67,0.908338705698649,2025-08-20 01:10:13.134980,2025-08-20 01:13:49.050124,0 days 00:03:35.915144,20,,uniform,5,nz,0.0001,0.003,5000,128,,raw,Glorot,,tanh,67,"{'batch_size': [20, 100], 'colnorm_thresh': [1e-09, 1e-06, 0.001], 'dist1': ['uniform', 'normal'], 'iseed': [5, 6, 7, 8], 'l2_penalty_choice': ['zero', 'nz'], 'l2_penalty_nz': [1e-06, 0.0001, 0.01], 'lr': [0.001, 0.003, 0.01, 0.03], 'lr_anneal_start': [100, 1000, 5000], 'nhid1': [64, 128, 256, 512], 'pca_energy': [0.7, 0.85, 0.95, 0.99], 'preproc': ['raw', 'colnorm', 'pca'], 'scale_heur1': ['old', 'Glorot'], 'scale_mult1': [0.5, 1.0, 1.5, 2.0], 'squash': ['tanh', 'logistic']}",COMPLETE
68,0.8406611084938049,2025-08-20 01:13:49.050595,2025-08-20 01:14:36.437910,0 days 00:00:47.387315,100,0.001,uniform,6,zero,,0.01,100,64,,colnorm,old,1.5,tanh,68,"{'batch_size': [20, 100], 'colnorm_thresh': [1e-09, 1e-06, 0.001], 'dist1': ['uniform', 'normal'], 'iseed': [5, 6, 7, 8], 'l2_penalty_choice': ['zero', 'nz'], 'l2_penalty_nz': [1e-06, 0.0001, 0.01], 'lr': [0.001, 0.003, 0.01, 0.03], 'lr_anneal_start': [100, 1000, 5000], 'nhid1': [64, 128, 256, 512], 'pca_energy': [0.7, 0.85, 0.95, 0.99], 'preproc': ['raw', 'colnorm', 'pca'], 'scale_heur1': ['old', 'Glorot'], 'scale_mult1': [0.5, 1.0, 1.5, 2.0], 'squash': ['tanh', 'logistic']}",COMPLETE
69,0.821612815062205,2025-08-20 01:14:36.438374,2025-08-20 01:17:57.680058,0 days 00:03:21.241684,20,,normal,7,zero,,0.001,100,512,0.85,pca,old,2.0,tanh,69,"{'batch_size': [20, 100], 'colnorm_thresh': [1e-09, 1e-06, 0.001], 'dist1': ['uniform', 'normal'], 'iseed': [5, 6, 7, 8], 'l2_penalty_choice': ['zero', 'nz'], 'l2_penalty_nz': [1e-06, 0.0001, 0.01], 'lr': [0.001, 0.003, 0.01, 0.03], 'lr_anneal_start': [100, 1000, 5000], 'nhid1': [64, 128, 256, 512], 'pca_energy': [0.7, 0.85, 0.95, 0.99], 'preproc': ['raw', 'colnorm', 'pca'], 'scale_heur1': ['old', 'Glorot'], 'scale_mult1': [0.5, 1.0, 1.5, 2.0], 'squash': ['tanh', 'logistic']}",COMPLETE
70,0.9324031869570414,2025-08-20 01:17:57.684855,2025-08-20 01:18:42.068629,0 days 00:00:44.383774,100,1e-06,normal,7,nz,0.0001,0.03,5000,512,,colnorm,Glorot,,logistic,70,"{'batch_size': [20, 100], 'colnorm_thresh': [1e-09, 1e-06, 0.001], 'dist1': ['uniform', 'normal'], 'iseed': [5, 6, 7, 8], 'l2_penalty_choice': ['zero', 'nz'], 'l2_penalty_nz': [1e-06, 0.0001, 0.01], 'lr': [0.001, 0.003, 0.01, 0.03], 'lr_anneal_start': [100, 1000, 5000], 'nhid1': [64, 128, 256, 512], 'pca_energy': [0.7, 0.85, 0.95, 0.99], 'preproc': ['raw', 'colnorm', 'pca'], 'scale_heur1': ['old', 'Glorot'], 'scale_mult1': [0.5, 1.0, 1.5, 2.0], 'squash': ['tanh', 'logistic']}",COMPLETE
71,0.3093556414047877,2025-08-20 01:18:42.069066,2025-08-20 01:19:23.441350,0 days 00:00:41.372284,100,0.001,uniform,8,zero,,0.001,100,128,,colnorm,Glorot,,logistic,71,"{'batch_size': [20, 100], 'colnorm_thresh': [1e-09, 1e-06, 0.001], 'dist1': ['uniform', 'normal'], 'iseed': [5, 6, 7, 8], 'l2_penalty_choice': ['zero', 'nz'], 'l2_penalty_nz': [1e-06, 0.0001, 0.01], 'lr': [0.001, 0.003, 0.01, 0.03], 'lr_anneal_start': [100, 1000, 5000], 'nhid1': [64, 128, 256, 512], 'pca_energy': [0.7, 0.85, 0.95, 0.99], 'preproc': ['raw', 'colnorm', 'pca'], 'scale_heur1': ['old', 'Glorot'], 'scale_mult1': [0.5, 1.0, 1.5, 2.0], 'squash': ['tanh', 'logistic']}",COMPLETE
72,0.9019677440325419,2025-08-20 01:19:23.441799,2025-08-20 01:22:54.134641,0 days 00:03:30.692842,20,,normal,6,nz,0.01,0.003,5000,128,,raw,Glorot,,tanh,72,"{'batch_size': [20, 100], 'colnorm_thresh': [1e-09, 1e-06, 0.001], 'dist1': ['uniform', 'normal'], 'iseed': [5, 6, 7, 8], 'l2_penalty_choice': ['zero', 'nz'], 'l2_penalty_nz': [1e-06, 0.0001, 0.01], 'lr': [0.001, 0.003, 0.01, 0.03], 'lr_anneal_start': [100, 1000, 5000], 'nhid1': [64, 128, 256, 512], 'pca_energy': [0.7, 0.85, 0.95, 0.99], 'preproc': ['raw', 'colnorm', 'pca'], 'scale_heur1': ['old', 'Glorot'], 'scale_mult1': [0.5, 1.0, 1.5, 2.0], 'squash': ['tanh', 'logistic']}",COMPLETE
73,0.6623224218686422,2025-08-20 01:22:54.135093,2025-08-20 01:26:27.773194,0 days 00:03:33.638101,20,0.001,normal,7,nz,0.0001,0.003,100,256,,colnorm,Glorot,,logistic,73,"{'batch_size': [20, 100], 'colnorm_thresh': [1e-09, 1e-06, 0.001], 'dist1': ['uniform', 'normal'], 'iseed': [5, 6, 7, 8], 'l2_penalty_choice': ['zero', 'nz'], 'l2_penalty_nz': [1e-06, 0.0001, 0.01], 'lr': [0.001, 0.003, 0.01, 0.03], 'lr_anneal_start': [100, 1000, 5000], 'nhid1': [64, 128, 256, 512], 'pca_energy': [0.7, 0.85, 0.95, 0.99], 'preproc': ['raw', 'colnorm', 'pca'], 'scale_heur1': ['old', 'Glorot'], 'scale_mult1': [0.5, 1.0, 1.5, 2.0], 'squash': ['tanh', 'logistic']}",COMPLETE
74,0.7990644375483195,2025-08-20 01:26:27.773659,2025-08-20 01:29:59.396080,0 days 00:03:31.622421,20,,normal,5,nz,0.01,0.001,100,512,0.99,pca,old,2.0,tanh,74,"{'batch_size': [20, 100], 'colnorm_thresh': [1e-09, 1e-06, 0.001], 'dist1': ['uniform', 'normal'], 'iseed': [5, 6, 7, 8], 'l2_penalty_choice': ['zero', 'nz'], 'l2_penalty_nz': [1e-06, 0.0001, 0.01], 'lr': [0.001, 0.003, 0.01, 0.03], 'lr_anneal_start': [100, 1000, 5000], 'nhid1': [64, 128, 256, 512], 'pca_energy': [0.7, 0.85, 0.95, 0.99], 'preproc': ['raw', 'colnorm', 'pca'], 'scale_heur1': ['old', 'Glorot'], 'scale_mult1': [0.5, 1.0, 1.5, 2.0], 'squash': ['tanh', 'logistic']}",COMPLETE
75,0.8971128861109415,2025-08-20 01:29:59.396552,2025-08-20 01:33:14.615011,0 days 00:03:15.218459,20,,uniform,8,zero,,0.01,1000,128,0.7,pca,old,1.0,logistic,75,"{'batch_size': [20, 100], 'colnorm_thresh': [1e-09, 1e-06, 0.001], 'dist1': ['uniform', 'normal'], 'iseed': [5, 6, 7, 8], 'l2_penalty_choice': ['zero', 'nz'], 'l2_penalty_nz': [1e-06, 0.0001, 0.01], 'lr': [0.001, 0.003, 0.01, 0.03], 'lr_anneal_start': [100, 1000, 5000], 'nhid1': [64, 128, 256, 512], 'pca_energy': [0.7, 0.85, 0.95, 0.99], 'preproc': ['raw', 'colnorm', 'pca'], 'scale_heur1': ['old', 'Glorot'], 'scale_mult1': [0.5, 1.0, 1.5, 2.0], 'squash': ['tanh', 'logistic']}",COMPLETE
76,0.829209546248118,2025-08-20 01:33:14.621397,2025-08-20 01:33:59.066363,0 days 00:00:44.444966,100,,uniform,7,nz,0.01,0.001,1000,128,0.95,pca,Glorot,,tanh,76,"{'batch_size': [20, 100], 'colnorm_thresh': [1e-09, 1e-06, 0.001], 'dist1': ['uniform', 'normal'], 'iseed': [5, 6, 7, 8], 'l2_penalty_choice': ['zero', 'nz'], 'l2_penalty_nz': [1e-06, 0.0001, 0.01], 'lr': [0.001, 0.003, 0.01, 0.03], 'lr_anneal_start': [100, 1000, 5000], 'nhid1': [64, 128, 256, 512], 'pca_energy': [0.7, 0.85, 0.95, 0.99], 'preproc': ['raw', 'colnorm', 'pca'], 'scale_heur1': ['old', 'Glorot'], 'scale_mult1': [0.5, 1.0, 1.5, 2.0], 'squash': ['tanh', 'logistic']}",COMPLETE
77,0.32467692097028095,2025-08-20 01:33:59.066810,2025-08-20 01:37:28.471896,0 days 00:03:29.405086,20,,uniform,7,nz,0.0001,0.003,100,256,,raw,Glorot,,logistic,77,"{'batch_size': [20, 100], 'colnorm_thresh': [1e-09, 1e-06, 0.001], 'dist1': ['uniform', 'normal'], 'iseed': [5, 6, 7, 8], 'l2_penalty_choice': ['zero', 'nz'], 'l2_penalty_nz': [1e-06, 0.0001, 0.01], 'lr': [0.001, 0.003, 0.01, 0.03], 'lr_anneal_start': [100, 1000, 5000], 'nhid1': [64, 128, 256, 512], 'pca_energy': [0.7, 0.85, 0.95, 0.99], 'preproc': ['raw', 'colnorm', 'pca'], 'scale_heur1': ['old', 'Glorot'], 'scale_mult1': [0.5, 1.0, 1.5, 2.0], 'squash': ['tanh', 'logistic']}",COMPLETE
78,0.850951611995697,2025-08-20 01:37:28.472356,2025-08-20 01:40:46.700988,0 days 00:03:18.228632,20,,uniform,6,zero,,0.003,1000,64,,raw,old,1.0,tanh,78,"{'batch_size': [20, 100], 'colnorm_thresh': [1e-09, 1e-06, 0.001], 'dist1': ['uniform', 'normal'], 'iseed': [5, 6, 7, 8], 'l2_penalty_choice': ['zero', 'nz'], 'l2_penalty_nz': [1e-06, 0.0001, 0.01], 'lr': [0.001, 0.003, 0.01, 0.03], 'lr_anneal_start': [100, 1000, 5000], 'nhid1': [64, 128, 256, 512], 'pca_energy': [0.7, 0.85, 0.95, 0.99], 'preproc': ['raw', 'colnorm', 'pca'], 'scale_heur1': ['old', 'Glorot'], 'scale_mult1': [0.5, 1.0, 1.5, 2.0], 'squash': ['tanh', 'logistic']}",COMPLETE
79,0.8844354550043741,2025-08-20 01:40:46.701448,2025-08-20 01:41:27.275883,0 days 00:00:40.574435,100,1e-09,uniform,7,zero,,0.01,1000,64,,colnorm,Glorot,,logistic,79,"{'batch_size': [20, 100], 'colnorm_thresh': [1e-09, 1e-06, 0.001], 'dist1': ['uniform', 'normal'], 'iseed': [5, 6, 7, 8], 'l2_penalty_choice': ['zero', 'nz'], 'l2_penalty_nz': [1e-06, 0.0001, 0.01], 'lr': [0.001, 0.003, 0.01, 0.03], 'lr_anneal_start': [100, 1000, 5000], 'nhid1': [64, 128, 256, 512], 'pca_energy': [0.7, 0.85, 0.95, 0.99], 'preproc': ['raw', 'colnorm', 'pca'], 'scale_heur1': ['old', 'Glorot'], 'scale_mult1': [0.5, 1.0, 1.5, 2.0], 'squash': ['tanh', 'logistic']}",COMPLETE
